\BOOKMARK [1][-]{section.1}{\376\377\000I\000n\000t\000r\000o\000d\000u\000c\000t\000i\000o\000n}{}% 1
\BOOKMARK [2][-]{subsection.1.1}{\376\377\000P\000r\000o\000b\000l\000e\000m\000\040\000S\000t\000a\000t\000e\000m\000e\000n\000t\000\040\000a\000n\000d\000\040\000O\000b\000j\000e\000c\000t\000i\000v\000e\000s}{section.1}% 2
\BOOKMARK [2][-]{subsection.1.2}{\376\377\000D\000a\000t\000a\000s\000e\000t\000\040\000a\000n\000d\000\040\000K\000e\000y\000\040\000C\000o\000n\000c\000e\000p\000t\000s}{section.1}% 3
\BOOKMARK [1][-]{section.2}{\376\377\000R\000e\000l\000a\000t\000e\000d\000\040\000W\000o\000r\000k}{}% 4
\BOOKMARK [1][-]{section.3}{\376\377\000M\000e\000t\000h\000o\000d\000o\000l\000o\000g\000y}{}% 5
\BOOKMARK [2][-]{subsection.3.1}{\376\377\000D\000a\000t\000a\000\040\000P\000r\000e\000p\000a\000r\000a\000t\000i\000o\000n}{section.3}% 6
\BOOKMARK [2][-]{subsection.3.2}{\376\377\000D\000e\000n\000s\000e\000\040\000P\000a\000s\000s\000a\000g\000e\000\040\000R\000e\000t\000r\000i\000e\000v\000a\000l\000\040\000\050\000D\000P\000R\000\051\000\040\000M\000o\000d\000e\000l}{section.3}% 7
\BOOKMARK [3][-]{subsubsection.3.2.1}{\376\377\000A\000r\000c\000h\000i\000t\000e\000c\000t\000u\000r\000e}{subsection.3.2}% 8
\BOOKMARK [3][-]{subsubsection.3.2.2}{\376\377\000T\000r\000a\000i\000n\000i\000n\000g\000\040\000O\000b\000j\000e\000c\000t\000i\000v\000e}{subsection.3.2}% 9
\BOOKMARK [3][-]{subsubsection.3.2.3}{\376\377\000T\000r\000a\000i\000n\000i\000n\000g\000\040\000C\000o\000n\000f\000i\000g\000u\000r\000a\000t\000i\000o\000n}{subsection.3.2}% 10
\BOOKMARK [2][-]{subsection.3.3}{\376\377\000R\000e\000t\000r\000i\000e\000v\000a\000l\000\040\000a\000n\000d\000\040\000E\000v\000a\000l\000u\000a\000t\000i\000o\000n}{section.3}% 11
\BOOKMARK [3][-]{subsubsection.3.3.1}{\376\377\000R\000e\000t\000r\000i\000e\000v\000a\000l\000\040\000M\000e\000t\000r\000i\000c\000s}{subsection.3.3}% 12
\BOOKMARK [2][-]{subsection.3.4}{\376\377\000Q\000u\000e\000s\000t\000i\000o\000n\000\040\000A\000n\000s\000w\000e\000r\000i\000n\000g\000\040\000P\000i\000p\000e\000l\000i\000n\000e}{section.3}% 13
\BOOKMARK [3][-]{subsubsection.3.4.1}{\376\377\000A\000p\000p\000r\000o\000a\000c\000h\000\040\0001\000:\000\040\000B\000a\000s\000e\000l\000i\000n\000e\000\040\000\050\000L\000L\000M\000-\000o\000n\000l\000y\000\051}{subsection.3.4}% 14
\BOOKMARK [3][-]{subsubsection.3.4.2}{\376\377\000A\000p\000p\000r\000o\000a\000c\000h\000\040\0002\000:\000\040\000U\000p\000p\000e\000r\000l\000i\000n\000e\000\040\000\050\000L\000L\000M\000\040\000+\000\040\000G\000o\000l\000d\000e\000n\000\040\000C\000o\000n\000t\000e\000x\000t\000\051}{subsection.3.4}% 15
\BOOKMARK [3][-]{subsubsection.3.4.3}{\376\377\000A\000p\000p\000r\000o\000a\000c\000h\000\040\0003\000:\000\040\000R\000A\000G\000\040\000w\000i\000t\000h\000\040\000F\000i\000n\000e\000-\000t\000u\000n\000e\000d\000\040\000D\000P\000R}{subsection.3.4}% 16
\BOOKMARK [3][-]{subsubsection.3.4.4}{\376\377\000L\000L\000M\000\040\000C\000o\000n\000f\000i\000g\000u\000r\000a\000t\000i\000o\000n}{subsection.3.4}% 17
\BOOKMARK [1][-]{section.4}{\376\377\000R\000e\000s\000u\000l\000t\000s}{}% 18
\BOOKMARK [1][-]{section.5}{\376\377\000C\000o\000n\000c\000l\000u\000s\000i\000o\000n}{}% 19
\BOOKMARK [1][-]{appendix.A}{\376\377\000I\000m\000p\000l\000e\000m\000e\000n\000t\000a\000t\000i\000o\000n\000\040\000D\000e\000t\000a\000i\000l\000s}{}% 20
\BOOKMARK [2][-]{subsection.A.1}{\376\377\000H\000a\000r\000d\000w\000a\000r\000e\000\040\000a\000n\000d\000\040\000S\000o\000f\000t\000w\000a\000r\000e}{appendix.A}% 21
\BOOKMARK [2][-]{subsection.A.2}{\376\377\000R\000e\000p\000r\000o\000d\000u\000c\000i\000b\000i\000l\000i\000t\000y}{appendix.A}% 22
